生成启动时间为 2019/2/16 17:19:33。
     1>项目“D:\demo\LearnOpenGL-1\Gen\1.getting_started__2.4.hello_triangle_exercise2.vcxproj”在节点 6 上(Build 个目标)。
     1>CustomBuild:
         Building Custom Rule D:/demo/LearnOpenGL-1/CMakeLists.txt
         CMake does not need to re-run because D:/demo/LearnOpenGL-1/Gen/CMakeFiles/generate.stamp is up-to-date.
       ClCompile:
         C:\Program Files (x86)\Microsoft Visual Studio 12.0\VC\bin\CL.exe /c /I"D:\demo\LearnOpenGL-1\Gen\configuration" /I"D:\demo\LearnOpenGL-1\includes" /Zi /nologo /W3 /WX- /Od /Ob0 /Oy- /D WIN32 /D _WINDOWS /D "CMAKE_INTDIR=\"Debug\"" /D _MBCS /Gm- /RTC1 /MDd /GS /fp:precise /Zc:wchar_t /Zc:forScope /GR /Fo"1.getting_started__2.4.hello_triangle_exercise2.dir\Debug\\" /Fd"1.getting_started__2.4.hello_triangle_exercise2.dir\Debug\vc120.pdb" /Gd /TP /analyze- /errorReport:prompt  /EHsc";"-std=c++11 "D:\demo\LearnOpenGL-1\src\1.getting_started\2.4.hello_triangle_exercise2\hello_triangle_exercise2.cpp"
     1>cl : 命令行 warning D9002: 忽略未知选项“/EH;”
     1>cl : 命令行 warning D9002: 忽略未知选项“/EH-”
     1>cl : 命令行 warning D9002: 忽略未知选项“/EHt”
     1>cl : 命令行 warning D9002: 忽略未知选项“/EHd”
     1>cl : 命令行 warning D9002: 忽略未知选项“/EH=”
     1>cl : 命令行 warning D9002: 忽略未知选项“/EH+”
     1>cl : 命令行 warning D9002: 忽略未知选项“/EH+”
     1>cl : 命令行 warning D9002: 忽略未知选项“/EH1”
     1>cl : 命令行 warning D9002: 忽略未知选项“/EH1”
         hello_triangle_exercise2.cpp
       Link:
         C:\Program Files (x86)\Microsoft Visual Studio 12.0\VC\bin\link.exe /ERRORREPORT:PROMPT /OUT:"D:\demo\LearnOpenGL-1\bin\1.getting_started\Debug\1.getting_started__2.4.hello_triangle_exercise2.exe" /INCREMENTAL /NOLOGO /LIBPATH:"D:/demo/LearnOpenGL-1/lib" /LIBPATH:"D:/demo/LearnOpenGL-1/lib/Debug" glfw3.lib opengl32.lib assimp.lib Debug\STB_IMAGE.lib Debug\GLAD.lib kernel32.lib user32.lib gdi32.lib winspool.lib shell32.lib ole32.lib oleaut32.lib uuid.lib comdlg32.lib advapi32.lib /MANIFEST /MANIFESTUAC:"level='asInvoker' uiAccess='false'" /manifest:embed /DEBUG /PDB:"D:/demo/LearnOpenGL-1/bin/1.getting_started/Debug/1.getting_started__2.4.hello_triangle_exercise2.pdb" /SUBSYSTEM:CONSOLE /TLBID:1 /DYNAMICBASE /NXCOMPAT /IMPLIB:"D:/demo/LearnOpenGL-1/Gen/Debug/1.getting_started__2.4.hello_triangle_exercise2.lib" /MACHINE:X86 /SAFESEH  /machine:X86 1.getting_started__2.4.hello_triangle_exercise2.dir\Debug\hello_triangle_exercise2.obj
         1.getting_started__2.4.hello_triangle_exercise2.vcxproj -> D:\demo\LearnOpenGL-1\bin\1.getting_started\Debug\1.getting_started__2.4.hello_triangle_exercise2.exe
     1>已完成生成项目“D:\demo\LearnOpenGL-1\Gen\1.getting_started__2.4.hello_triangle_exercise2.vcxproj”(Build 个目标)的操作。

生成成功。

已用时间 00:00:03.64
