生成启动时间为 2019/4/17 23:55:13。
     1>项目“D:\demo\LearnOpenGL-1\Gen\1.getting_started__2.2.hello_triangle_indexed.vcxproj”在节点 2 上(Build 个目标)。
     1>ClCompile:
         C:\Program Files (x86)\Microsoft Visual Studio 12.0\VC\bin\CL.exe /c /I"D:\demo\LearnOpenGL-1\Gen\configuration" /I"D:\demo\LearnOpenGL-1\includes" /Zi /nologo /W3 /WX- /Od /Ob0 /Oy- /D WIN32 /D _WINDOWS /D "CMAKE_INTDIR=\"Debug\"" /D _MBCS /Gm- /RTC1 /MDd /GS /fp:precise /Zc:wchar_t /Zc:forScope /GR /Fo"1.getting_started__2.2.hello_triangle_indexed.dir\Debug\\" /Fd"1.getting_started__2.2.hello_triangle_indexed.dir\Debug\vc120.pdb" /Gd /TP /analyze- /errorReport:prompt  /EHsc";"-std=c++11 "D:\demo\LearnOpenGL-1\src\1.getting_started\2.2.hello_triangle_indexed\hello_triangle_indexed.cpp"
     1>cl : 命令行 warning D9002: 忽略未知选项“/EH;”
     1>cl : 命令行 warning D9002: 忽略未知选项“/EH-”
     1>cl : 命令行 warning D9002: 忽略未知选项“/EHt”
     1>cl : 命令行 warning D9002: 忽略未知选项“/EHd”
     1>cl : 命令行 warning D9002: 忽略未知选项“/EH=”
     1>cl : 命令行 warning D9002: 忽略未知选项“/EH+”
     1>cl : 命令行 warning D9002: 忽略未知选项“/EH+”
     1>cl : 命令行 warning D9002: 忽略未知选项“/EH1”
     1>cl : 命令行 warning D9002: 忽略未知选项“/EH1”
         hello_triangle_indexed.cpp
       Link:
         C:\Program Files (x86)\Microsoft Visual Studio 12.0\VC\bin\link.exe /ERRORREPORT:PROMPT /OUT:"D:\demo\LearnOpenGL-1\bin\1.getting_started\Debug\1.getting_started__2.2.hello_triangle_indexed.exe" /INCREMENTAL /NOLOGO /LIBPATH:"D:/demo/LearnOpenGL-1/lib" /LIBPATH:"D:/demo/LearnOpenGL-1/lib/Debug" glfw3.lib opengl32.lib assimp.lib Debug\STB_IMAGE.lib Debug\GLAD.lib kernel32.lib user32.lib gdi32.lib winspool.lib shell32.lib ole32.lib oleaut32.lib uuid.lib comdlg32.lib advapi32.lib /MANIFEST /MANIFESTUAC:"level='asInvoker' uiAccess='false'" /manifest:embed /DEBUG /PDB:"D:/demo/LearnOpenGL-1/bin/1.getting_started/Debug/1.getting_started__2.2.hello_triangle_indexed.pdb" /SUBSYSTEM:CONSOLE /TLBID:1 /DYNAMICBASE /NXCOMPAT /IMPLIB:"D:/demo/LearnOpenGL-1/Gen/Debug/1.getting_started__2.2.hello_triangle_indexed.lib" /MACHINE:X86 /SAFESEH  /machine:X86 1.getting_started__2.2.hello_triangle_indexed.dir\Debug\hello_triangle_indexed.obj
     1>glfw3.lib(context.obj) : warning LNK4099: 未找到 PDB“vc120.pdb”(使用“glfw3.lib(context.obj)”或在“D:\demo\LearnOpenGL-1\bin\1.getting_started\Debug\vc120.pdb”中寻找)；正在链接对象，如同没有调试信息一样
     1>glfw3.lib(init.obj) : warning LNK4099: 未找到 PDB“vc120.pdb”(使用“glfw3.lib(init.obj)”或在“D:\demo\LearnOpenGL-1\bin\1.getting_started\Debug\vc120.pdb”中寻找)；正在链接对象，如同没有调试信息一样
     1>glfw3.lib(input.obj) : warning LNK4099: 未找到 PDB“vc120.pdb”(使用“glfw3.lib(input.obj)”或在“D:\demo\LearnOpenGL-1\bin\1.getting_started\Debug\vc120.pdb”中寻找)；正在链接对象，如同没有调试信息一样
     1>glfw3.lib(monitor.obj) : warning LNK4099: 未找到 PDB“vc120.pdb”(使用“glfw3.lib(monitor.obj)”或在“D:\demo\LearnOpenGL-1\bin\1.getting_started\Debug\vc120.pdb”中寻找)；正在链接对象，如同没有调试信息一样
     1>glfw3.lib(vulkan.obj) : warning LNK4099: 未找到 PDB“vc120.pdb”(使用“glfw3.lib(vulkan.obj)”或在“D:\demo\LearnOpenGL-1\bin\1.getting_started\Debug\vc120.pdb”中寻找)；正在链接对象，如同没有调试信息一样
     1>glfw3.lib(window.obj) : warning LNK4099: 未找到 PDB“vc120.pdb”(使用“glfw3.lib(window.obj)”或在“D:\demo\LearnOpenGL-1\bin\1.getting_started\Debug\vc120.pdb”中寻找)；正在链接对象，如同没有调试信息一样
     1>glfw3.lib(win32_init.obj) : warning LNK4099: 未找到 PDB“vc120.pdb”(使用“glfw3.lib(win32_init.obj)”或在“D:\demo\LearnOpenGL-1\bin\1.getting_started\Debug\vc120.pdb”中寻找)；正在链接对象，如同没有调试信息一样
     1>glfw3.lib(win32_joystick.obj) : warning LNK4099: 未找到 PDB“vc120.pdb”(使用“glfw3.lib(win32_joystick.obj)”或在“D:\demo\LearnOpenGL-1\bin\1.getting_started\Debug\vc120.pdb”中寻找)；正在链接对象，如同没有调试信息一样
     1>glfw3.lib(win32_monitor.obj) : warning LNK4099: 未找到 PDB“vc120.pdb”(使用“glfw3.lib(win32_monitor.obj)”或在“D:\demo\LearnOpenGL-1\bin\1.getting_started\Debug\vc120.pdb”中寻找)；正在链接对象，如同没有调试信息一样
     1>glfw3.lib(win32_time.obj) : warning LNK4099: 未找到 PDB“vc120.pdb”(使用“glfw3.lib(win32_time.obj)”或在“D:\demo\LearnOpenGL-1\bin\1.getting_started\Debug\vc120.pdb”中寻找)；正在链接对象，如同没有调试信息一样
     1>glfw3.lib(win32_thread.obj) : warning LNK4099: 未找到 PDB“vc120.pdb”(使用“glfw3.lib(win32_thread.obj)”或在“D:\demo\LearnOpenGL-1\bin\1.getting_started\Debug\vc120.pdb”中寻找)；正在链接对象，如同没有调试信息一样
     1>glfw3.lib(win32_window.obj) : warning LNK4099: 未找到 PDB“vc120.pdb”(使用“glfw3.lib(win32_window.obj)”或在“D:\demo\LearnOpenGL-1\bin\1.getting_started\Debug\vc120.pdb”中寻找)；正在链接对象，如同没有调试信息一样
     1>glfw3.lib(wgl_context.obj) : warning LNK4099: 未找到 PDB“vc120.pdb”(使用“glfw3.lib(wgl_context.obj)”或在“D:\demo\LearnOpenGL-1\bin\1.getting_started\Debug\vc120.pdb”中寻找)；正在链接对象，如同没有调试信息一样
     1>glfw3.lib(egl_context.obj) : warning LNK4099: 未找到 PDB“vc120.pdb”(使用“glfw3.lib(egl_context.obj)”或在“D:\demo\LearnOpenGL-1\bin\1.getting_started\Debug\vc120.pdb”中寻找)；正在链接对象，如同没有调试信息一样
     1>glfw3.lib(osmesa_context.obj) : warning LNK4099: 未找到 PDB“vc120.pdb”(使用“glfw3.lib(osmesa_context.obj)”或在“D:\demo\LearnOpenGL-1\bin\1.getting_started\Debug\vc120.pdb”中寻找)；正在链接对象，如同没有调试信息一样
         1.getting_started__2.2.hello_triangle_indexed.vcxproj -> D:\demo\LearnOpenGL-1\bin\1.getting_started\Debug\1.getting_started__2.2.hello_triangle_indexed.exe
     1>已完成生成项目“D:\demo\LearnOpenGL-1\Gen\1.getting_started__2.2.hello_triangle_indexed.vcxproj”(Build 个目标)的操作。

生成成功。

已用时间 00:00:05.81
