生成启动时间为 2019/2/16 17:20:21。
     1>项目“D:\demo\LearnOpenGL-1\Gen\5.advanced_lighting__3.2.2.point_shadows_soft.vcxproj”在节点 6 上(Build 个目标)。
     1>PreBuildEvent:
         setlocal
         "C:\Program Files\CMake\bin\cmake.exe" -E copy D:/demo/LearnOpenGL-1/src/5.advanced_lighting/3.2.2.point_shadows_soft/3.2.2.point_shadows.fs D:/demo/LearnOpenGL-1/bin/5.advanced_lighting/Debug
         if %errorlevel% neq 0 goto :cmEnd
         :cmEnd
         endlocal & call :cmErrorLevel %errorlevel% & goto :cmDone
         :cmErrorLevel
         exit /b %1
         :cmDone
         if %errorlevel% neq 0 goto :VCEnd
         setlocal
         "C:\Program Files\CMake\bin\cmake.exe" -E copy D:/demo/LearnOpenGL-1/src/5.advanced_lighting/3.2.2.point_shadows_soft/3.2.2.point_shadows.vs D:/demo/LearnOpenGL-1/bin/5.advanced_lighting/Debug
         if %errorlevel% neq 0 goto :cmEnd
         :cmEnd
         endlocal & call :cmErrorLevel %errorlevel% & goto :cmDone
         :cmErrorLevel
         exit /b %1
         :cmDone
         if %errorlevel% neq 0 goto :VCEnd
         setlocal
         "C:\Program Files\CMake\bin\cmake.exe" -E copy D:/demo/LearnOpenGL-1/src/5.advanced_lighting/3.2.2.point_shadows_soft/3.2.2.point_shadows_depth.fs D:/demo/LearnOpenGL-1/bin/5.advanced_lighting/Debug
         if %errorlevel% neq 0 goto :cmEnd
         :cmEnd
         endlocal & call :cmErrorLevel %errorlevel% & goto :cmDone
         :cmErrorLevel
         exit /b %1
         :cmDone
         if %errorlevel% neq 0 goto :VCEnd
         setlocal
         "C:\Program Files\CMake\bin\cmake.exe" -E copy D:/demo/LearnOpenGL-1/src/5.advanced_lighting/3.2.2.point_shadows_soft/3.2.2.point_shadows_depth.gs D:/demo/LearnOpenGL-1/bin/5.advanced_lighting/Debug
         if %errorlevel% neq 0 goto :cmEnd
         :cmEnd
         endlocal & call :cmErrorLevel %errorlevel% & goto :cmDone
         :cmErrorLevel
         exit /b %1
         :cmDone
         if %errorlevel% neq 0 goto :VCEnd
         setlocal
         "C:\Program Files\CMake\bin\cmake.exe" -E copy D:/demo/LearnOpenGL-1/src/5.advanced_lighting/3.2.2.point_shadows_soft/3.2.2.point_shadows_depth.vs D:/demo/LearnOpenGL-1/bin/5.advanced_lighting/Debug
         if %errorlevel% neq 0 goto :cmEnd
         :cmEnd
         endlocal & call :cmErrorLevel %errorlevel% & goto :cmDone
         :cmErrorLevel
         exit /b %1
         :cmDone
         if %errorlevel% neq 0 goto :VCEnd
         :VCEnd
       CustomBuild:
         Building Custom Rule D:/demo/LearnOpenGL-1/CMakeLists.txt
         CMake does not need to re-run because D:/demo/LearnOpenGL-1/Gen/CMakeFiles/generate.stamp is up-to-date.
       ClCompile:
         C:\Program Files (x86)\Microsoft Visual Studio 12.0\VC\bin\CL.exe /c /I"D:\demo\LearnOpenGL-1\Gen\configuration" /I"D:\demo\LearnOpenGL-1\includes" /Zi /nologo /W3 /WX- /Od /Ob0 /Oy- /D WIN32 /D _WINDOWS /D "CMAKE_INTDIR=\"Debug\"" /D _MBCS /Gm- /RTC1 /MDd /GS /fp:precise /Zc:wchar_t /Zc:forScope /GR /Fo"5.advanced_lighting__3.2.2.point_shadows_soft.dir\Debug\\" /Fd"5.advanced_lighting__3.2.2.point_shadows_soft.dir\Debug\vc120.pdb" /Gd /TP /analyze- /errorReport:prompt  /EHsc";"-std=c++11 "D:\demo\LearnOpenGL-1\src\5.advanced_lighting\3.2.2.point_shadows_soft\point_shadows_soft.cpp"
     1>cl : 命令行 warning D9002: 忽略未知选项“/EH;”
     1>cl : 命令行 warning D9002: 忽略未知选项“/EH-”
     1>cl : 命令行 warning D9002: 忽略未知选项“/EHt”
     1>cl : 命令行 warning D9002: 忽略未知选项“/EHd”
     1>cl : 命令行 warning D9002: 忽略未知选项“/EH=”
     1>cl : 命令行 warning D9002: 忽略未知选项“/EH+”
     1>cl : 命令行 warning D9002: 忽略未知选项“/EH+”
     1>cl : 命令行 warning D9002: 忽略未知选项“/EH1”
     1>cl : 命令行 warning D9002: 忽略未知选项“/EH1”
         point_shadows_soft.cpp
     1>D:\demo\LearnOpenGL-1\includes\learnopengl/filesystem.h(23): warning C4996: 'getenv': This function or variable may be unsafe. Consider using _dupenv_s instead. To disable deprecation, use _CRT_SECURE_NO_WARNINGS. See online help for details.
                 C:\Program Files (x86)\Microsoft Visual Studio 12.0\VC\include\stdlib.h(462) : 参见“getenv”的声明
     1>D:\demo\LearnOpenGL-1\src\5.advanced_lighting\3.2.2.point_shadows_soft\point_shadows_soft.cpp(32): warning C4244: “初始化”: 从“double”转换到“float”，可能丢失数据
     1>D:\demo\LearnOpenGL-1\src\5.advanced_lighting\3.2.2.point_shadows_soft\point_shadows_soft.cpp(33): warning C4244: “初始化”: 从“double”转换到“float”，可能丢失数据
     1>D:\demo\LearnOpenGL-1\src\5.advanced_lighting\3.2.2.point_shadows_soft\point_shadows_soft.cpp(132): warning C4244: “初始化”: 从“double”转换到“float”，可能丢失数据
     1>D:\demo\LearnOpenGL-1\src\5.advanced_lighting\3.2.2.point_shadows_soft\point_shadows_soft.cpp(141): warning C4244: “=”: 从“double”转换到“float”，可能丢失数据
     1>D:\demo\LearnOpenGL-1\src\5.advanced_lighting\3.2.2.point_shadows_soft\point_shadows_soft.cpp(363): warning C4244: “=”: 从“double”转换到“float”，可能丢失数据
     1>D:\demo\LearnOpenGL-1\src\5.advanced_lighting\3.2.2.point_shadows_soft\point_shadows_soft.cpp(364): warning C4244: “=”: 从“double”转换到“float”，可能丢失数据
     1>D:\demo\LearnOpenGL-1\src\5.advanced_lighting\3.2.2.point_shadows_soft\point_shadows_soft.cpp(368): warning C4244: “初始化”: 从“double”转换到“float”，可能丢失数据
     1>D:\demo\LearnOpenGL-1\src\5.advanced_lighting\3.2.2.point_shadows_soft\point_shadows_soft.cpp(369): warning C4244: “初始化”: 从“double”转换到“float”，可能丢失数据
     1>D:\demo\LearnOpenGL-1\src\5.advanced_lighting\3.2.2.point_shadows_soft\point_shadows_soft.cpp(371): warning C4244: “=”: 从“double”转换到“float”，可能丢失数据
     1>D:\demo\LearnOpenGL-1\src\5.advanced_lighting\3.2.2.point_shadows_soft\point_shadows_soft.cpp(372): warning C4244: “=”: 从“double”转换到“float”，可能丢失数据
     1>D:\demo\LearnOpenGL-1\src\5.advanced_lighting\3.2.2.point_shadows_soft\point_shadows_soft.cpp(381): warning C4244: “参数”: 从“double”转换到“float”，可能丢失数据
       Link:
         C:\Program Files (x86)\Microsoft Visual Studio 12.0\VC\bin\link.exe /ERRORREPORT:PROMPT /OUT:"D:\demo\LearnOpenGL-1\bin\5.advanced_lighting\Debug\5.advanced_lighting__3.2.2.point_shadows_soft.exe" /INCREMENTAL /NOLOGO /LIBPATH:"D:/demo/LearnOpenGL-1/lib" /LIBPATH:"D:/demo/LearnOpenGL-1/lib/Debug" glfw3.lib opengl32.lib assimp.lib Debug\STB_IMAGE.lib Debug\GLAD.lib kernel32.lib user32.lib gdi32.lib winspool.lib shell32.lib ole32.lib oleaut32.lib uuid.lib comdlg32.lib advapi32.lib /MANIFEST /MANIFESTUAC:"level='asInvoker' uiAccess='false'" /manifest:embed /DEBUG /PDB:"D:/demo/LearnOpenGL-1/bin/5.advanced_lighting/Debug/5.advanced_lighting__3.2.2.point_shadows_soft.pdb" /SUBSYSTEM:CONSOLE /TLBID:1 /DYNAMICBASE /NXCOMPAT /IMPLIB:"D:/demo/LearnOpenGL-1/Gen/Debug/5.advanced_lighting__3.2.2.point_shadows_soft.lib" /MACHINE:X86 /SAFESEH  /machine:X86 5.advanced_lighting__3.2.2.point_shadows_soft.dir\Debug\point_shadows_soft.obj
         5.advanced_lighting__3.2.2.point_shadows_soft.vcxproj -> D:\demo\LearnOpenGL-1\bin\5.advanced_lighting\Debug\5.advanced_lighting__3.2.2.point_shadows_soft.exe
     1>已完成生成项目“D:\demo\LearnOpenGL-1\Gen\5.advanced_lighting__3.2.2.point_shadows_soft.vcxproj”(Build 个目标)的操作。

生成成功。

已用时间 00:00:07.88
