生成启动时间为 2019/2/17 16:52:52。
     1>项目“D:\demo\LearnOpenGL-1\Gen\6.pbr__2.2.1.ibl_specular.vcxproj”在节点 3 上(Rebuild 个目标)。
     1>PreBuildEvent:
         setlocal
         "C:\Program Files\CMake\bin\cmake.exe" -E copy D:/demo/LearnOpenGL-1/src/6.pbr/2.2.1.ibl_specular/2.2.1.background.fs D:/demo/LearnOpenGL-1/bin/6.pbr/Debug
         if %errorlevel% neq 0 goto :cmEnd
         :cmEnd
         endlocal & call :cmErrorLevel %errorlevel% & goto :cmDone
         :cmErrorLevel
         exit /b %1
         :cmDone
         if %errorlevel% neq 0 goto :VCEnd
         setlocal
         "C:\Program Files\CMake\bin\cmake.exe" -E copy D:/demo/LearnOpenGL-1/src/6.pbr/2.2.1.ibl_specular/2.2.1.background.vs D:/demo/LearnOpenGL-1/bin/6.pbr/Debug
         if %errorlevel% neq 0 goto :cmEnd
         :cmEnd
         endlocal & call :cmErrorLevel %errorlevel% & goto :cmDone
         :cmErrorLevel
         exit /b %1
         :cmDone
         if %errorlevel% neq 0 goto :VCEnd
         setlocal
         "C:\Program Files\CMake\bin\cmake.exe" -E copy D:/demo/LearnOpenGL-1/src/6.pbr/2.2.1.ibl_specular/2.2.1.brdf.fs D:/demo/LearnOpenGL-1/bin/6.pbr/Debug
         if %errorlevel% neq 0 goto :cmEnd
         :cmEnd
         endlocal & call :cmErrorLevel %errorlevel% & goto :cmDone
         :cmErrorLevel
         exit /b %1
         :cmDone
         if %errorlevel% neq 0 goto :VCEnd
         setlocal
         "C:\Program Files\CMake\bin\cmake.exe" -E copy D:/demo/LearnOpenGL-1/src/6.pbr/2.2.1.ibl_specular/2.2.1.brdf.vs D:/demo/LearnOpenGL-1/bin/6.pbr/Debug
         if %errorlevel% neq 0 goto :cmEnd
         :cmEnd
         endlocal & call :cmErrorLevel %errorlevel% & goto :cmDone
         :cmErrorLevel
         exit /b %1
         :cmDone
         if %errorlevel% neq 0 goto :VCEnd
         setlocal
         "C:\Program Files\CMake\bin\cmake.exe" -E copy D:/demo/LearnOpenGL-1/src/6.pbr/2.2.1.ibl_specular/2.2.1.cubemap.vs D:/demo/LearnOpenGL-1/bin/6.pbr/Debug
         if %errorlevel% neq 0 goto :cmEnd
         :cmEnd
         endlocal & call :cmErrorLevel %errorlevel% & goto :cmDone
         :cmErrorLevel
         exit /b %1
         :cmDone
         if %errorlevel% neq 0 goto :VCEnd
         setlocal
         "C:\Program Files\CMake\bin\cmake.exe" -E copy D:/demo/LearnOpenGL-1/src/6.pbr/2.2.1.ibl_specular/2.2.1.equirectangular_to_cubemap.fs D:/demo/LearnOpenGL-1/bin/6.pbr/Debug
         if %errorlevel% neq 0 goto :cmEnd
         :cmEnd
         endlocal & call :cmErrorLevel %errorlevel% & goto :cmDone
         :cmErrorLevel
         exit /b %1
         :cmDone
         if %errorlevel% neq 0 goto :VCEnd
         setlocal
         "C:\Program Files\CMake\bin\cmake.exe" -E copy D:/demo/LearnOpenGL-1/src/6.pbr/2.2.1.ibl_specular/2.2.1.irradiance_convolution.fs D:/demo/LearnOpenGL-1/bin/6.pbr/Debug
         if %errorlevel% neq 0 goto :cmEnd
         :cmEnd
         endlocal & call :cmErrorLevel %errorlevel% & goto :cmDone
         :cmErrorLevel
         exit /b %1
         :cmDone
         if %errorlevel% neq 0 goto :VCEnd
         setlocal
         "C:\Program Files\CMake\bin\cmake.exe" -E copy D:/demo/LearnOpenGL-1/src/6.pbr/2.2.1.ibl_specular/2.2.1.pbr.fs D:/demo/LearnOpenGL-1/bin/6.pbr/Debug
         if %errorlevel% neq 0 goto :cmEnd
         :cmEnd
         endlocal & call :cmErrorLevel %errorlevel% & goto :cmDone
         :cmErrorLevel
         exit /b %1
         :cmDone
         if %errorlevel% neq 0 goto :VCEnd
         setlocal
         "C:\Program Files\CMake\bin\cmake.exe" -E copy D:/demo/LearnOpenGL-1/src/6.pbr/2.2.1.ibl_specular/2.2.1.pbr.vs D:/demo/LearnOpenGL-1/bin/6.pbr/Debug
         if %errorlevel% neq 0 goto :cmEnd
         :cmEnd
         endlocal & call :cmErrorLevel %errorlevel% & goto :cmDone
         :cmErrorLevel
         exit /b %1
         :cmDone
         if %errorlevel% neq 0 goto :VCEnd
         setlocal
         "C:\Program Files\CMake\bin\cmake.exe" -E copy D:/demo/LearnOpenGL-1/src/6.pbr/2.2.1.ibl_specular/2.2.1.prefilter.fs D:/demo/LearnOpenGL-1/bin/6.pbr/Debug
         if %errorlevel% neq 0 goto :cmEnd
         :cmEnd
         endlocal & call :cmErrorLevel %errorlevel% & goto :cmDone
         :cmErrorLevel
         exit /b %1
         :cmDone
         if %errorlevel% neq 0 goto :VCEnd
         :VCEnd
       CustomBuild:
         Building Custom Rule D:/demo/LearnOpenGL-1/CMakeLists.txt
         CMake does not need to re-run because D:/demo/LearnOpenGL-1/Gen/CMakeFiles/generate.stamp is up-to-date.
       ClCompile:
         C:\Program Files (x86)\Microsoft Visual Studio 12.0\VC\bin\CL.exe /c /I"D:\demo\LearnOpenGL-1\Gen\configuration" /I"D:\demo\LearnOpenGL-1\includes" /Zi /nologo /W3 /WX- /Od /Ob0 /Oy- /D WIN32 /D _WINDOWS /D "CMAKE_INTDIR=\"Debug\"" /D _MBCS /Gm- /RTC1 /MDd /GS /fp:precise /Zc:wchar_t /Zc:forScope /GR /Fo"6.pbr__2.2.1.ibl_specular.dir\Debug\\" /Fd"6.pbr__2.2.1.ibl_specular.dir\Debug\vc120.pdb" /Gd /TP /analyze- /errorReport:prompt  /EHsc";"-std=c++11 "D:\demo\LearnOpenGL-1\src\6.pbr\2.2.1.ibl_specular\ibl_specular.cpp"
     1>cl : 命令行 warning D9002: 忽略未知选项“/EH;”
     1>cl : 命令行 warning D9002: 忽略未知选项“/EH-”
     1>cl : 命令行 warning D9002: 忽略未知选项“/EHt”
     1>cl : 命令行 warning D9002: 忽略未知选项“/EHd”
     1>cl : 命令行 warning D9002: 忽略未知选项“/EH=”
     1>cl : 命令行 warning D9002: 忽略未知选项“/EH+”
     1>cl : 命令行 warning D9002: 忽略未知选项“/EH+”
     1>cl : 命令行 warning D9002: 忽略未知选项“/EH1”
     1>cl : 命令行 warning D9002: 忽略未知选项“/EH1”
         ibl_specular.cpp
     1>D:\demo\LearnOpenGL-1\includes\learnopengl/filesystem.h(23): warning C4996: 'getenv': This function or variable may be unsafe. Consider using _dupenv_s instead. To disable deprecation, use _CRT_SECURE_NO_WARNINGS. See online help for details.
                 C:\Program Files (x86)\Microsoft Visual Studio 12.0\VC\include\stdlib.h(462) : 参见“getenv”的声明
     1>D:\demo\LearnOpenGL-1\src\6.pbr\2.2.1.ibl_specular\ibl_specular.cpp(280): warning C4244: “初始化”: 从“double”转换到“unsigned int”，可能丢失数据
     1>D:\demo\LearnOpenGL-1\src\6.pbr\2.2.1.ibl_specular\ibl_specular.cpp(281): warning C4244: “初始化”: 从“double”转换到“unsigned int”，可能丢失数据
     1>D:\demo\LearnOpenGL-1\src\6.pbr\2.2.1.ibl_specular\ibl_specular.cpp(346): warning C4244: “初始化”: 从“double”转换到“float”，可能丢失数据
     1>D:\demo\LearnOpenGL-1\src\6.pbr\2.2.1.ibl_specular\ibl_specular.cpp(448): warning C4244: “初始化”: 从“double”转换到“float”，可能丢失数据
     1>D:\demo\LearnOpenGL-1\src\6.pbr\2.2.1.ibl_specular\ibl_specular.cpp(475): warning C4244: “=”: 从“double”转换到“float”，可能丢失数据
     1>D:\demo\LearnOpenGL-1\src\6.pbr\2.2.1.ibl_specular\ibl_specular.cpp(476): warning C4244: “=”: 从“double”转换到“float”，可能丢失数据
     1>D:\demo\LearnOpenGL-1\src\6.pbr\2.2.1.ibl_specular\ibl_specular.cpp(480): warning C4244: “初始化”: 从“double”转换到“float”，可能丢失数据
     1>D:\demo\LearnOpenGL-1\src\6.pbr\2.2.1.ibl_specular\ibl_specular.cpp(481): warning C4244: “初始化”: 从“double”转换到“float”，可能丢失数据
     1>D:\demo\LearnOpenGL-1\src\6.pbr\2.2.1.ibl_specular\ibl_specular.cpp(483): warning C4244: “=”: 从“double”转换到“float”，可能丢失数据
     1>D:\demo\LearnOpenGL-1\src\6.pbr\2.2.1.ibl_specular\ibl_specular.cpp(484): warning C4244: “=”: 从“double”转换到“float”，可能丢失数据
     1>D:\demo\LearnOpenGL-1\src\6.pbr\2.2.1.ibl_specular\ibl_specular.cpp(493): warning C4244: “参数”: 从“double”转换到“float”，可能丢失数据
     1>D:\demo\LearnOpenGL-1\src\6.pbr\2.2.1.ibl_specular\ibl_specular.cpp(517): warning C4305: “初始化”: 从“double”到“const float”截断
     1>D:\demo\LearnOpenGL-1\src\6.pbr\2.2.1.ibl_specular\ibl_specular.cpp(558): warning C4018: “<”: 有符号/无符号不匹配
     1>D:\demo\LearnOpenGL-1\src\6.pbr\2.2.1.ibl_specular\ibl_specular.cpp(582): warning C4244: “参数”: 从“float”转换到“GLsizei”，可能丢失数据
     1>D:\demo\LearnOpenGL-1\src\6.pbr\2.2.1.ibl_specular\ibl_specular.cpp(584): warning C4244: “参数”: 从“float”转换到“GLsizei”，可能丢失数据
     1>D:\demo\LearnOpenGL-1\src\6.pbr\2.2.1.ibl_specular\ibl_specular.cpp(586): warning C4244: “参数”: 从“float”转换到“GLsizei”，可能丢失数据
       Link:
         C:\Program Files (x86)\Microsoft Visual Studio 12.0\VC\bin\link.exe /ERRORREPORT:PROMPT /OUT:"D:\demo\LearnOpenGL-1\bin\6.pbr\Debug\6.pbr__2.2.1.ibl_specular.exe" /INCREMENTAL /NOLOGO /LIBPATH:"D:/demo/LearnOpenGL-1/lib" /LIBPATH:"D:/demo/LearnOpenGL-1/lib/Debug" glfw3.lib opengl32.lib assimp.lib Debug\STB_IMAGE.lib Debug\GLAD.lib kernel32.lib user32.lib gdi32.lib winspool.lib shell32.lib ole32.lib oleaut32.lib uuid.lib comdlg32.lib advapi32.lib /MANIFEST /MANIFESTUAC:"level='asInvoker' uiAccess='false'" /manifest:embed /DEBUG /PDB:"D:/demo/LearnOpenGL-1/bin/6.pbr/Debug/6.pbr__2.2.1.ibl_specular.pdb" /SUBSYSTEM:CONSOLE /TLBID:1 /DYNAMICBASE /NXCOMPAT /IMPLIB:"D:/demo/LearnOpenGL-1/Gen/Debug/6.pbr__2.2.1.ibl_specular.lib" /MACHINE:X86 /SAFESEH  /machine:X86 6.pbr__2.2.1.ibl_specular.dir\Debug\ibl_specular.obj
         6.pbr__2.2.1.ibl_specular.vcxproj -> D:\demo\LearnOpenGL-1\bin\6.pbr\Debug\6.pbr__2.2.1.ibl_specular.exe
     1>已完成生成项目“D:\demo\LearnOpenGL-1\Gen\6.pbr__2.2.1.ibl_specular.vcxproj”(Rebuild 个目标)的操作。

生成成功。

已用时间 00:00:03.33
