生成启动时间为 2019/3/24 11:34:24。
     1>项目“D:\demo\LearnOpenGL-1\Gen\6.pbr__2.2.2.ibl_specular_textured.vcxproj”在节点 2 上(Build 个目标)。
     1>PreBuildEvent:
         setlocal
         "C:\Program Files\CMake\bin\cmake.exe" -E copy D:/demo/LearnOpenGL-1/src/6.pbr/2.2.2.ibl_specular_textured/2.2.2.background.fs D:/demo/LearnOpenGL-1/bin/6.pbr/Debug
         if %errorlevel% neq 0 goto :cmEnd
         :cmEnd
         endlocal & call :cmErrorLevel %errorlevel% & goto :cmDone
         :cmErrorLevel
         exit /b %1
         :cmDone
         if %errorlevel% neq 0 goto :VCEnd
         setlocal
         "C:\Program Files\CMake\bin\cmake.exe" -E copy D:/demo/LearnOpenGL-1/src/6.pbr/2.2.2.ibl_specular_textured/2.2.2.background.vs D:/demo/LearnOpenGL-1/bin/6.pbr/Debug
         if %errorlevel% neq 0 goto :cmEnd
         :cmEnd
         endlocal & call :cmErrorLevel %errorlevel% & goto :cmDone
         :cmErrorLevel
         exit /b %1
         :cmDone
         if %errorlevel% neq 0 goto :VCEnd
         setlocal
         "C:\Program Files\CMake\bin\cmake.exe" -E copy D:/demo/LearnOpenGL-1/src/6.pbr/2.2.2.ibl_specular_textured/2.2.2.brdf.fs D:/demo/LearnOpenGL-1/bin/6.pbr/Debug
         if %errorlevel% neq 0 goto :cmEnd
         :cmEnd
         endlocal & call :cmErrorLevel %errorlevel% & goto :cmDone
         :cmErrorLevel
         exit /b %1
         :cmDone
         if %errorlevel% neq 0 goto :VCEnd
         setlocal
         "C:\Program Files\CMake\bin\cmake.exe" -E copy D:/demo/LearnOpenGL-1/src/6.pbr/2.2.2.ibl_specular_textured/2.2.2.brdf.vs D:/demo/LearnOpenGL-1/bin/6.pbr/Debug
         if %errorlevel% neq 0 goto :cmEnd
         :cmEnd
         endlocal & call :cmErrorLevel %errorlevel% & goto :cmDone
         :cmErrorLevel
         exit /b %1
         :cmDone
         if %errorlevel% neq 0 goto :VCEnd
         setlocal
         "C:\Program Files\CMake\bin\cmake.exe" -E copy D:/demo/LearnOpenGL-1/src/6.pbr/2.2.2.ibl_specular_textured/2.2.2.cubemap.vs D:/demo/LearnOpenGL-1/bin/6.pbr/Debug
         if %errorlevel% neq 0 goto :cmEnd
         :cmEnd
         endlocal & call :cmErrorLevel %errorlevel% & goto :cmDone
         :cmErrorLevel
         exit /b %1
         :cmDone
         if %errorlevel% neq 0 goto :VCEnd
         setlocal
         "C:\Program Files\CMake\bin\cmake.exe" -E copy D:/demo/LearnOpenGL-1/src/6.pbr/2.2.2.ibl_specular_textured/2.2.2.equirectangular_to_cubemap.fs D:/demo/LearnOpenGL-1/bin/6.pbr/Debug
         if %errorlevel% neq 0 goto :cmEnd
         :cmEnd
         endlocal & call :cmErrorLevel %errorlevel% & goto :cmDone
         :cmErrorLevel
         exit /b %1
         :cmDone
         if %errorlevel% neq 0 goto :VCEnd
         setlocal
         "C:\Program Files\CMake\bin\cmake.exe" -E copy D:/demo/LearnOpenGL-1/src/6.pbr/2.2.2.ibl_specular_textured/2.2.2.irradiance_convolution.fs D:/demo/LearnOpenGL-1/bin/6.pbr/Debug
         if %errorlevel% neq 0 goto :cmEnd
         :cmEnd
         endlocal & call :cmErrorLevel %errorlevel% & goto :cmDone
         :cmErrorLevel
         exit /b %1
         :cmDone
         if %errorlevel% neq 0 goto :VCEnd
         setlocal
         "C:\Program Files\CMake\bin\cmake.exe" -E copy D:/demo/LearnOpenGL-1/src/6.pbr/2.2.2.ibl_specular_textured/2.2.2.pbr.fs D:/demo/LearnOpenGL-1/bin/6.pbr/Debug
         if %errorlevel% neq 0 goto :cmEnd
         :cmEnd
         endlocal & call :cmErrorLevel %errorlevel% & goto :cmDone
         :cmErrorLevel
         exit /b %1
         :cmDone
         if %errorlevel% neq 0 goto :VCEnd
         setlocal
         "C:\Program Files\CMake\bin\cmake.exe" -E copy D:/demo/LearnOpenGL-1/src/6.pbr/2.2.2.ibl_specular_textured/2.2.2.pbr.vs D:/demo/LearnOpenGL-1/bin/6.pbr/Debug
         if %errorlevel% neq 0 goto :cmEnd
         :cmEnd
         endlocal & call :cmErrorLevel %errorlevel% & goto :cmDone
         :cmErrorLevel
         exit /b %1
         :cmDone
         if %errorlevel% neq 0 goto :VCEnd
         setlocal
         "C:\Program Files\CMake\bin\cmake.exe" -E copy D:/demo/LearnOpenGL-1/src/6.pbr/2.2.2.ibl_specular_textured/2.2.2.prefilter.fs D:/demo/LearnOpenGL-1/bin/6.pbr/Debug
         if %errorlevel% neq 0 goto :cmEnd
         :cmEnd
         endlocal & call :cmErrorLevel %errorlevel% & goto :cmDone
         :cmErrorLevel
         exit /b %1
         :cmDone
         if %errorlevel% neq 0 goto :VCEnd
         :VCEnd
       ClCompile:
         C:\Program Files (x86)\Microsoft Visual Studio 12.0\VC\bin\CL.exe /c /I"D:\demo\LearnOpenGL-1\Gen\configuration" /I"D:\demo\LearnOpenGL-1\includes" /Zi /nologo /W3 /WX- /Od /Ob0 /Oy- /D WIN32 /D _WINDOWS /D "CMAKE_INTDIR=\"Debug\"" /D _MBCS /Gm- /RTC1 /MDd /GS /fp:precise /Zc:wchar_t /Zc:forScope /GR /Fo"6.pbr__2.2.2.ibl_specular_textured.dir\Debug\\" /Fd"6.pbr__2.2.2.ibl_specular_textured.dir\Debug\vc120.pdb" /Gd /TP /analyze- /errorReport:prompt  /EHsc";"-std=c++11 "D:\demo\LearnOpenGL-1\src\6.pbr\2.2.2.ibl_specular_textured\ibl_specular_textured.cpp"
     1>cl : 命令行 warning D9002: 忽略未知选项“/EH;”
     1>cl : 命令行 warning D9002: 忽略未知选项“/EH-”
     1>cl : 命令行 warning D9002: 忽略未知选项“/EHt”
     1>cl : 命令行 warning D9002: 忽略未知选项“/EHd”
     1>cl : 命令行 warning D9002: 忽略未知选项“/EH=”
     1>cl : 命令行 warning D9002: 忽略未知选项“/EH+”
     1>cl : 命令行 warning D9002: 忽略未知选项“/EH+”
     1>cl : 命令行 warning D9002: 忽略未知选项“/EH1”
     1>cl : 命令行 warning D9002: 忽略未知选项“/EH1”
         ibl_specular_textured.cpp
     1>D:\demo\LearnOpenGL-1\includes\learnopengl/filesystem.h(23): warning C4996: 'getenv': This function or variable may be unsafe. Consider using _dupenv_s instead. To disable deprecation, use _CRT_SECURE_NO_WARNINGS. See online help for details.
                 C:\Program Files (x86)\Microsoft Visual Studio 12.0\VC\include\stdlib.h(462) : 参见“getenv”的声明
     1>D:\demo\LearnOpenGL-1\src\6.pbr\2.2.2.ibl_specular_textured\ibl_specular_textured.cpp(320): warning C4244: “初始化”: 从“double”转换到“unsigned int”，可能丢失数据
     1>D:\demo\LearnOpenGL-1\src\6.pbr\2.2.2.ibl_specular_textured\ibl_specular_textured.cpp(321): warning C4244: “初始化”: 从“double”转换到“unsigned int”，可能丢失数据
     1>D:\demo\LearnOpenGL-1\src\6.pbr\2.2.2.ibl_specular_textured\ibl_specular_textured.cpp(386): warning C4244: “初始化”: 从“double”转换到“float”，可能丢失数据
     1>D:\demo\LearnOpenGL-1\src\6.pbr\2.2.2.ibl_specular_textured\ibl_specular_textured.cpp(551): warning C4244: “初始化”: 从“double”转换到“float”，可能丢失数据
     1>D:\demo\LearnOpenGL-1\src\6.pbr\2.2.2.ibl_specular_textured\ibl_specular_textured.cpp(578): warning C4244: “=”: 从“double”转换到“float”，可能丢失数据
     1>D:\demo\LearnOpenGL-1\src\6.pbr\2.2.2.ibl_specular_textured\ibl_specular_textured.cpp(579): warning C4244: “=”: 从“double”转换到“float”，可能丢失数据
     1>D:\demo\LearnOpenGL-1\src\6.pbr\2.2.2.ibl_specular_textured\ibl_specular_textured.cpp(583): warning C4244: “初始化”: 从“double”转换到“float”，可能丢失数据
     1>D:\demo\LearnOpenGL-1\src\6.pbr\2.2.2.ibl_specular_textured\ibl_specular_textured.cpp(584): warning C4244: “初始化”: 从“double”转换到“float”，可能丢失数据
     1>D:\demo\LearnOpenGL-1\src\6.pbr\2.2.2.ibl_specular_textured\ibl_specular_textured.cpp(586): warning C4244: “=”: 从“double”转换到“float”，可能丢失数据
     1>D:\demo\LearnOpenGL-1\src\6.pbr\2.2.2.ibl_specular_textured\ibl_specular_textured.cpp(587): warning C4244: “=”: 从“double”转换到“float”，可能丢失数据
     1>D:\demo\LearnOpenGL-1\src\6.pbr\2.2.2.ibl_specular_textured\ibl_specular_textured.cpp(596): warning C4244: “参数”: 从“double”转换到“float”，可能丢失数据
     1>D:\demo\LearnOpenGL-1\src\6.pbr\2.2.2.ibl_specular_textured\ibl_specular_textured.cpp(620): warning C4305: “初始化”: 从“double”到“const float”截断
     1>D:\demo\LearnOpenGL-1\src\6.pbr\2.2.2.ibl_specular_textured\ibl_specular_textured.cpp(661): warning C4018: “<”: 有符号/无符号不匹配
     1>D:\demo\LearnOpenGL-1\src\6.pbr\2.2.2.ibl_specular_textured\ibl_specular_textured.cpp(685): warning C4244: “参数”: 从“float”转换到“GLsizei”，可能丢失数据
     1>D:\demo\LearnOpenGL-1\src\6.pbr\2.2.2.ibl_specular_textured\ibl_specular_textured.cpp(687): warning C4244: “参数”: 从“float”转换到“GLsizei”，可能丢失数据
     1>D:\demo\LearnOpenGL-1\src\6.pbr\2.2.2.ibl_specular_textured\ibl_specular_textured.cpp(689): warning C4244: “参数”: 从“float”转换到“GLsizei”，可能丢失数据
       Link:
         C:\Program Files (x86)\Microsoft Visual Studio 12.0\VC\bin\link.exe /ERRORREPORT:PROMPT /OUT:"D:\demo\LearnOpenGL-1\bin\6.pbr\Debug\6.pbr__2.2.2.ibl_specular_textured.exe" /INCREMENTAL /NOLOGO /LIBPATH:"D:/demo/LearnOpenGL-1/lib" /LIBPATH:"D:/demo/LearnOpenGL-1/lib/Debug" glfw3.lib opengl32.lib assimp.lib Debug\STB_IMAGE.lib Debug\GLAD.lib kernel32.lib user32.lib gdi32.lib winspool.lib shell32.lib ole32.lib oleaut32.lib uuid.lib comdlg32.lib advapi32.lib /MANIFEST /MANIFESTUAC:"level='asInvoker' uiAccess='false'" /manifest:embed /DEBUG /PDB:"D:/demo/LearnOpenGL-1/bin/6.pbr/Debug/6.pbr__2.2.2.ibl_specular_textured.pdb" /SUBSYSTEM:CONSOLE /TLBID:1 /DYNAMICBASE /NXCOMPAT /IMPLIB:"D:/demo/LearnOpenGL-1/Gen/Debug/6.pbr__2.2.2.ibl_specular_textured.lib" /MACHINE:X86 /SAFESEH  /machine:X86 6.pbr__2.2.2.ibl_specular_textured.dir\Debug\ibl_specular_textured.obj
     1>glfw3.lib(context.obj) : warning LNK4099: 未找到 PDB“vc120.pdb”(使用“glfw3.lib(context.obj)”或在“D:\demo\LearnOpenGL-1\bin\6.pbr\Debug\vc120.pdb”中寻找)；正在链接对象，如同没有调试信息一样
     1>glfw3.lib(init.obj) : warning LNK4099: 未找到 PDB“vc120.pdb”(使用“glfw3.lib(init.obj)”或在“D:\demo\LearnOpenGL-1\bin\6.pbr\Debug\vc120.pdb”中寻找)；正在链接对象，如同没有调试信息一样
     1>glfw3.lib(input.obj) : warning LNK4099: 未找到 PDB“vc120.pdb”(使用“glfw3.lib(input.obj)”或在“D:\demo\LearnOpenGL-1\bin\6.pbr\Debug\vc120.pdb”中寻找)；正在链接对象，如同没有调试信息一样
     1>glfw3.lib(monitor.obj) : warning LNK4099: 未找到 PDB“vc120.pdb”(使用“glfw3.lib(monitor.obj)”或在“D:\demo\LearnOpenGL-1\bin\6.pbr\Debug\vc120.pdb”中寻找)；正在链接对象，如同没有调试信息一样
     1>glfw3.lib(vulkan.obj) : warning LNK4099: 未找到 PDB“vc120.pdb”(使用“glfw3.lib(vulkan.obj)”或在“D:\demo\LearnOpenGL-1\bin\6.pbr\Debug\vc120.pdb”中寻找)；正在链接对象，如同没有调试信息一样
     1>glfw3.lib(window.obj) : warning LNK4099: 未找到 PDB“vc120.pdb”(使用“glfw3.lib(window.obj)”或在“D:\demo\LearnOpenGL-1\bin\6.pbr\Debug\vc120.pdb”中寻找)；正在链接对象，如同没有调试信息一样
     1>glfw3.lib(win32_init.obj) : warning LNK4099: 未找到 PDB“vc120.pdb”(使用“glfw3.lib(win32_init.obj)”或在“D:\demo\LearnOpenGL-1\bin\6.pbr\Debug\vc120.pdb”中寻找)；正在链接对象，如同没有调试信息一样
     1>glfw3.lib(win32_joystick.obj) : warning LNK4099: 未找到 PDB“vc120.pdb”(使用“glfw3.lib(win32_joystick.obj)”或在“D:\demo\LearnOpenGL-1\bin\6.pbr\Debug\vc120.pdb”中寻找)；正在链接对象，如同没有调试信息一样
     1>glfw3.lib(win32_monitor.obj) : warning LNK4099: 未找到 PDB“vc120.pdb”(使用“glfw3.lib(win32_monitor.obj)”或在“D:\demo\LearnOpenGL-1\bin\6.pbr\Debug\vc120.pdb”中寻找)；正在链接对象，如同没有调试信息一样
     1>glfw3.lib(win32_time.obj) : warning LNK4099: 未找到 PDB“vc120.pdb”(使用“glfw3.lib(win32_time.obj)”或在“D:\demo\LearnOpenGL-1\bin\6.pbr\Debug\vc120.pdb”中寻找)；正在链接对象，如同没有调试信息一样
     1>glfw3.lib(win32_thread.obj) : warning LNK4099: 未找到 PDB“vc120.pdb”(使用“glfw3.lib(win32_thread.obj)”或在“D:\demo\LearnOpenGL-1\bin\6.pbr\Debug\vc120.pdb”中寻找)；正在链接对象，如同没有调试信息一样
     1>glfw3.lib(win32_window.obj) : warning LNK4099: 未找到 PDB“vc120.pdb”(使用“glfw3.lib(win32_window.obj)”或在“D:\demo\LearnOpenGL-1\bin\6.pbr\Debug\vc120.pdb”中寻找)；正在链接对象，如同没有调试信息一样
     1>glfw3.lib(wgl_context.obj) : warning LNK4099: 未找到 PDB“vc120.pdb”(使用“glfw3.lib(wgl_context.obj)”或在“D:\demo\LearnOpenGL-1\bin\6.pbr\Debug\vc120.pdb”中寻找)；正在链接对象，如同没有调试信息一样
     1>glfw3.lib(egl_context.obj) : warning LNK4099: 未找到 PDB“vc120.pdb”(使用“glfw3.lib(egl_context.obj)”或在“D:\demo\LearnOpenGL-1\bin\6.pbr\Debug\vc120.pdb”中寻找)；正在链接对象，如同没有调试信息一样
     1>glfw3.lib(osmesa_context.obj) : warning LNK4099: 未找到 PDB“vc120.pdb”(使用“glfw3.lib(osmesa_context.obj)”或在“D:\demo\LearnOpenGL-1\bin\6.pbr\Debug\vc120.pdb”中寻找)；正在链接对象，如同没有调试信息一样
         6.pbr__2.2.2.ibl_specular_textured.vcxproj -> D:\demo\LearnOpenGL-1\bin\6.pbr\Debug\6.pbr__2.2.2.ibl_specular_textured.exe
     1>已完成生成项目“D:\demo\LearnOpenGL-1\Gen\6.pbr__2.2.2.ibl_specular_textured.vcxproj”(Build 个目标)的操作。

生成成功。

已用时间 00:00:03.07
