生成启动时间为 2019/4/17 23:54:33。
     1>项目“D:\demo\LearnOpenGL-1\Gen\STB_IMAGE.vcxproj”在节点 3 上(Build 个目标)。
     1>ClCompile:
         C:\Program Files (x86)\Microsoft Visual Studio 12.0\VC\bin\CL.exe /c /I"D:\demo\LearnOpenGL-1\Gen\configuration" /I"D:\demo\LearnOpenGL-1\includes" /Zi /nologo /W3 /WX- /Od /Ob0 /Oy- /D WIN32 /D _WINDOWS /D "CMAKE_INTDIR=\"Debug\"" /D _MBCS /Gm- /RTC1 /MDd /GS /fp:precise /Zc:wchar_t /Zc:forScope /GR /Fo"STB_IMAGE.dir\Debug\\" /Fd"STB_IMAGE.dir\Debug\vc120.pdb" /Gd /TP /analyze- /errorReport:prompt  /EHsc";"-std=c++11 "D:\demo\LearnOpenGL-1\src\stb_image.cpp"
     1>cl : 命令行 warning D9002: 忽略未知选项“/EH;”
     1>cl : 命令行 warning D9002: 忽略未知选项“/EH-”
     1>cl : 命令行 warning D9002: 忽略未知选项“/EHt”
     1>cl : 命令行 warning D9002: 忽略未知选项“/EHd”
     1>cl : 命令行 warning D9002: 忽略未知选项“/EH=”
     1>cl : 命令行 warning D9002: 忽略未知选项“/EH+”
     1>cl : 命令行 warning D9002: 忽略未知选项“/EH+”
     1>cl : 命令行 warning D9002: 忽略未知选项“/EH1”
     1>cl : 命令行 warning D9002: 忽略未知选项“/EH1”
         stb_image.cpp
       Lib:
         C:\Program Files (x86)\Microsoft Visual Studio 12.0\VC\bin\Lib.exe /OUT:"D:\demo\LearnOpenGL-1\Gen\Debug\STB_IMAGE.lib" /NOLOGO  /machine:X86 STB_IMAGE.dir\Debug\stb_image.obj
         STB_IMAGE.vcxproj -> D:\demo\LearnOpenGL-1\Gen\Debug\STB_IMAGE.lib
     1>已完成生成项目“D:\demo\LearnOpenGL-1\Gen\STB_IMAGE.vcxproj”(Build 个目标)的操作。

生成成功。

已用时间 00:00:06.91
